<?xml version="1.0" encoding="UTF-8"?>
<testng-results ignored="0" total="1" passed="1" failed="0" skipped="0">
  <reporter-output>
  </reporter-output>
  <suite started-at="2024-11-11T10:36:44 ICT" name="Default suite" finished-at="2024-11-11T10:36:57 ICT" duration-ms="12296">
    <groups>
    </groups>
    <test started-at="2024-11-11T10:36:44 ICT" name="Default test" finished-at="2024-11-11T10:36:57 ICT" duration-ms="12296">
      <class name="tests.ReportTest">
        <test-method is-config="true" signature="setup()[pri:0, instance:tests.ReportTest@2f7298b]" started-at="2024-11-11T10:36:44 ICT" name="setup" finished-at="2024-11-11T10:36:56 ICT" duration-ms="11980" status="PASS">
          <reporter-output>
          </reporter-output>
        </test-method> <!-- setup -->
        <test-method signature="doTest()[pri:0, instance:tests.ReportTest@2f7298b]" started-at="2024-11-11T10:36:56 ICT" name="doTest" finished-at="2024-11-11T10:36:56 ICT" duration-ms="5" status="PASS">
          <reporter-output>
          </reporter-output>
        </test-method> <!-- doTest -->
        <test-method is-config="true" signature="teardown()[pri:0, instance:tests.ReportTest@2f7298b]" started-at="2024-11-11T10:36:56 ICT" name="teardown" finished-at="2024-11-11T10:36:57 ICT" duration-ms="274" status="PASS">
          <reporter-output>
          </reporter-output>
        </test-method> <!-- teardown -->
      </class> <!-- tests.ReportTest -->
    </test> <!-- Default test -->
  </suite> <!-- Default suite -->
</testng-results>
